<?xml version="1.0" encoding="UTF-8"?>
<!-- Generated by org.testng.reporters.JUnitReportReporter -->
<testsuite hostname="LAPTOP-IEGALM6F" failures="0" tests="1" name="testRestPackage.TestRunner" time="4.525" errors="0" timestamp="2020-04-30T16:17:42 GMT-04:00" skipped="0">
  <testcase classname="testRestPackage.TestRunner" name="restApiTestExecution" time="4.525"/>
  <system-out/>
</testsuite> <!-- testRestPackage.TestRunner -->
