<?xml version="1.0" encoding="UTF-8"?>
<!-- Generated by org.testng.reporters.JUnitReportReporter -->
<testsuite hostname="LAPTOP-IEGALM6F" failures="0" tests="1" name="testSoapPackage.TestRunnerClass" time="16.423" errors="0" timestamp="2020-04-30T16:46:30 GMT-04:00" skipped="0">
  <testcase classname="testSoapPackage.TestRunnerClass" name="SoapTest" time="16.423"/>
  <system-out/>
</testsuite> <!-- testSoapPackage.TestRunnerClass -->
